0 info it worked if it ends with ok
1 verbose cli [ 'node', '/usr/local/bin/npm', 'install', 'node-curl', '--save' ]
2 info using npm@2.10.1
3 info using node@v0.12.4
4 verbose install initial load of /Users/achelikani/ClarifaiColorBot/package.json
5 warn package.json clarifaicolorbot@1.0.0 No README data
6 verbose installManyTop reading scoped package data from /Users/achelikani/ClarifaiColorBot/node_modules/body-parser/package.json
7 verbose installManyTop reading scoped package data from /Users/achelikani/ClarifaiColorBot/node_modules/botkit/package.json
8 verbose installManyTop reading scoped package data from /Users/achelikani/ClarifaiColorBot/node_modules/express/package.json
9 verbose installManyTop reading scoped package data from /Users/achelikani/ClarifaiColorBot/node_modules/request/package.json
10 verbose readDependencies loading dependencies from /Users/achelikani/ClarifaiColorBot/package.json
11 silly cache add args [ 'node-curl', null ]
12 verbose cache add spec node-curl
13 silly cache add parsed spec { raw: 'node-curl',
13 silly cache add   scope: null,
13 silly cache add   name: 'node-curl',
13 silly cache add   rawSpec: '',
13 silly cache add   spec: '*',
13 silly cache add   type: 'range' }
14 silly addNamed node-curl@*
15 verbose addNamed "*" is a valid semver range for node-curl
16 silly addNameRange { name: 'node-curl', range: '*', hasData: false }
17 silly mapToRegistry name node-curl
18 silly mapToRegistry using default registry
19 silly mapToRegistry registry https://registry.npmjs.org/
20 silly mapToRegistry uri https://registry.npmjs.org/node-curl
21 verbose addNameRange registry:https://registry.npmjs.org/node-curl not in flight; fetching
22 verbose request uri https://registry.npmjs.org/node-curl
23 verbose request no auth needed
24 info attempt registry request try #1 at 5:27:46 PM
25 verbose request id 036ecf7a3b1b9577
26 http request GET https://registry.npmjs.org/node-curl
27 http 200 https://registry.npmjs.org/node-curl
28 silly get cb [ 200,
28 silly get   { server: 'CouchDB/1.5.0 (Erlang OTP/R16B03)',
28 silly get     etag: '"6BRQTSQA310L5MQWOUIIC9A6P"',
28 silly get     'content-type': 'application/json',
28 silly get     'cache-control': 'max-age=300',
28 silly get     'content-length': '20534',
28 silly get     'accept-ranges': 'bytes',
28 silly get     date: 'Fri, 15 Apr 2016 00:27:46 GMT',
28 silly get     via: '1.1 varnish',
28 silly get     age: '0',
28 silly get     connection: 'keep-alive',
28 silly get     'x-served-by': 'cache-sjc3134-SJC',
28 silly get     'x-cache': 'MISS',
28 silly get     'x-cache-hits': '0',
28 silly get     'x-timer': 'S1460680066.809916,VS0,VE184',
28 silly get     vary: 'Accept-Encoding' } ]
29 verbose get saving node-curl to /Users/achelikani/.npm/registry.npmjs.org/node-curl/.cache.json
30 silly addNameRange number 2 { name: 'node-curl', range: '*', hasData: true }
31 silly addNameRange versions [ 'node-curl',
31 silly addNameRange   [ '0.1.0',
31 silly addNameRange     '0.1.1',
31 silly addNameRange     '0.1.2',
31 silly addNameRange     '0.1.3',
31 silly addNameRange     '0.1.4',
31 silly addNameRange     '0.1.5',
31 silly addNameRange     '0.1.6',
31 silly addNameRange     '0.1.7',
31 silly addNameRange     '0.1.8',
31 silly addNameRange     '0.2.0',
31 silly addNameRange     '0.2.1',
31 silly addNameRange     '0.2.2',
31 silly addNameRange     '0.2.3',
31 silly addNameRange     '0.3.0',
31 silly addNameRange     '0.3.1',
31 silly addNameRange     '0.3.3' ] ]
32 silly addNamed node-curl@0.3.3
33 verbose addNamed "0.3.3" is a plain semver version for node-curl
34 silly mapToRegistry name node-curl
35 silly mapToRegistry using default registry
36 silly mapToRegistry registry https://registry.npmjs.org/
37 silly mapToRegistry uri https://registry.npmjs.org/node-curl
38 verbose addRemoteTarball https://registry.npmjs.org/node-curl/-/node-curl-0.3.3.tgz not in flight; adding
39 verbose addRemoteTarball [ 'https://registry.npmjs.org/node-curl/-/node-curl-0.3.3.tgz',
39 verbose addRemoteTarball   '71274370774c2298b860307a9e45877701638735' ]
40 info retry fetch attempt 1 at 5:27:47 PM
41 info attempt registry request try #1 at 5:27:47 PM
42 http fetch GET https://registry.npmjs.org/node-curl/-/node-curl-0.3.3.tgz
43 http fetch 200 https://registry.npmjs.org/node-curl/-/node-curl-0.3.3.tgz
44 silly fetchAndShaCheck shasum 71274370774c2298b860307a9e45877701638735
45 verbose addTmpTarball /var/folders/gn/708gv0nn5115v1nm4d9_3mz40000gn/T/npm-63346-0122a66d/registry.npmjs.org/node-curl/-/node-curl-0.3.3.tgz not in flight; adding
46 verbose addTmpTarball already have metadata; skipping unpack for node-curl@0.3.3
47 silly cache afterAdd node-curl@0.3.3
48 verbose afterAdd /Users/achelikani/.npm/node-curl/0.3.3/package/package.json not in flight; writing
49 verbose afterAdd /Users/achelikani/.npm/node-curl/0.3.3/package/package.json written
50 silly install resolved [ { name: 'node-curl',
50 silly install resolved     version: '0.3.3',
50 silly install resolved     author: { name: 'Jiang Miao', email: 'jiangfriend@gmail.com' },
50 silly install resolved     description: 'node wrapper for multi curl, fully implemented.',
50 silly install resolved     keywords: [ 'node-curl', 'curl', 'multi-curl', 'mcurl' ],
50 silly install resolved     homepage: 'http://github.com/jiangmiao/node-curl',
50 silly install resolved     repository: { type: 'git', url: 'git://github.com/jiangmiao/node-curl.git' },
50 silly install resolved     main: './lib',
50 silly install resolved     scripts: { install: 'sh src/generate_curl_options_list.sh && (node-gyp rebuild || node-waf configure build)' },
50 silly install resolved     engines: { node: '>= 0.6.0' },
50 silly install resolved     bugs: { url: 'https://github.com/jiangmiao/node-curl/issues' },
50 silly install resolved     _id: 'node-curl@0.3.3',
50 silly install resolved     _shasum: '71274370774c2298b860307a9e45877701638735',
50 silly install resolved     _resolved: 'https://registry.npmjs.org/node-curl/-/node-curl-0.3.3.tgz',
50 silly install resolved     _from: 'node-curl@*',
50 silly install resolved     _npmVersion: '1.4.23',
50 silly install resolved     _npmUser: { name: 'jiangmiao', email: 'jiangfriend@gmail.com' },
50 silly install resolved     maintainers: [ [Object] ],
50 silly install resolved     dist:
50 silly install resolved      { shasum: '71274370774c2298b860307a9e45877701638735',
50 silly install resolved        tarball: 'https://registry.npmjs.org/node-curl/-/node-curl-0.3.3.tgz' },
50 silly install resolved     directories: {} } ]
51 info install node-curl@0.3.3 into /Users/achelikani/ClarifaiColorBot
52 info installOne node-curl@0.3.3
53 verbose installOne of node-curl to /Users/achelikani/ClarifaiColorBot not in flight; installing
54 verbose lock using /Users/achelikani/.npm/_locks/node-curl-82ba22c8a221c5fd.lock for /Users/achelikani/ClarifaiColorBot/node_modules/node-curl
55 silly install write writing node-curl 0.3.3 to /Users/achelikani/ClarifaiColorBot/node_modules/node-curl
56 verbose unbuild node_modules/node-curl
57 silly gentlyRm /Users/achelikani/ClarifaiColorBot/node_modules/node-curl is being purged from base /Users/achelikani/ClarifaiColorBot
58 verbose gentlyRm don't care about contents; nuking /Users/achelikani/ClarifaiColorBot/node_modules/node-curl
59 verbose tar unpack /Users/achelikani/.npm/node-curl/0.3.3/package.tgz
60 verbose tar unpacking to /Users/achelikani/ClarifaiColorBot/node_modules/node-curl
61 silly gentlyRm /Users/achelikani/ClarifaiColorBot/node_modules/node-curl is being purged
62 verbose gentlyRm don't care about contents; nuking /Users/achelikani/ClarifaiColorBot/node_modules/node-curl
63 silly gunzTarPerm modes [ '755', '644' ]
64 silly gunzTarPerm extractEntry package.json
65 silly gunzTarPerm extractEntry .npmignore
66 silly gunzTarPerm extractEntry README.md
67 silly gunzTarPerm extractEntry index.js
68 silly gunzTarPerm extractEntry binding.gyp
69 silly gunzTarPerm extractEntry examples/curl.js
70 silly gunzTarPerm extractEntry examples/low-level.js
71 silly gunzTarPerm extractEntry examples/post-multi-part.js
72 silly gunzTarPerm extractEntry examples/test.js
73 silly gunzTarPerm extractEntry examples/low-level-pressure.js
74 silly gunzTarPerm extractEntry examples/test-stream.js
75 silly gunzTarPerm extractEntry examples/pressure-multi-post.js
76 silly gunzTarPerm extractEntry examples/test-get-info.js
77 silly gunzTarPerm extractEntry examples/test-errors.js
78 silly gunzTarPerm extractEntry examples/quick-start.js
79 silly gunzTarPerm extractEntry examples/post.js
80 silly gunzTarPerm extractEntry examples/pressure.js
81 silly gunzTarPerm extractEntry examples/pressure.toffee
82 silly gunzTarPerm extractEntry examples/curl.toffee
83 silly gunzTarPerm extractEntry examples/test-errors.toffee
84 silly gunzTarPerm extractEntry examples/pressure-multi-post.toffee
85 silly gunzTarPerm extractEntry examples/post.toffee
86 silly gunzTarPerm extractEntry examples/test-stream.toffee
87 silly gunzTarPerm extractEntry examples/post-multi-part.toffee
88 silly gunzTarPerm extractEntry examples/test.toffee
89 silly gunzTarPerm extractEntry .travis.yml
90 silly gunzTarPerm extractEntry index.toffee
91 silly gunzTarPerm extractEntry lib/Curl.js
92 silly gunzTarPerm extractEntry lib/CurlBuilder.js
93 silly gunzTarPerm extractEntry lib/Curl.toffee
94 silly gunzTarPerm extractEntry lib/CurlBuilder.toffee
95 silly gunzTarPerm extractEntry LICENSE-MIT
96 silly gunzTarPerm extractEntry src/generate_curl_options_list.sh
97 silly gunzTarPerm extractEntry src/node-curl.cc
98 silly gunzTarPerm extractEntry src/node-curl.h
99 silly gunzTarPerm extractEntry wscript
100 verbose write writing to /Users/achelikani/ClarifaiColorBot/node_modules/node-curl/package.json
101 info preinstall node-curl@0.3.3
102 verbose readDependencies loading dependencies from /Users/achelikani/ClarifaiColorBot/node_modules/node-curl/package.json
103 verbose readDependencies loading dependencies from /Users/achelikani/ClarifaiColorBot/node_modules/node-curl/package.json
104 silly install resolved []
105 verbose about to build /Users/achelikani/ClarifaiColorBot/node_modules/node-curl
106 info build /Users/achelikani/ClarifaiColorBot/node_modules/node-curl
107 info linkStuff node-curl@0.3.3
108 silly linkStuff node-curl@0.3.3 has /Users/achelikani/ClarifaiColorBot/node_modules as its parent node_modules
109 verbose linkBins node-curl@0.3.3
110 verbose linkMans node-curl@0.3.3
111 verbose rebuildBundles node-curl@0.3.3
112 info install node-curl@0.3.3
113 verbose unsafe-perm in lifecycle true
114 info node-curl@0.3.3 Failed to exec install script
115 verbose unlock done using /Users/achelikani/.npm/_locks/node-curl-82ba22c8a221c5fd.lock for /Users/achelikani/ClarifaiColorBot/node_modules/node-curl
116 verbose stack Error: node-curl@0.3.3 install: `sh src/generate_curl_options_list.sh && (node-gyp rebuild || node-waf configure build)`
116 verbose stack spawn ENOENT
116 verbose stack     at ChildProcess.<anonymous> (/usr/local/lib/node_modules/npm/lib/utils/spawn.js:17:16)
116 verbose stack     at ChildProcess.emit (events.js:110:17)
116 verbose stack     at maybeClose (child_process.js:1015:16)
116 verbose stack     at Process.ChildProcess._handle.onexit (child_process.js:1087:5)
117 verbose pkgid node-curl@0.3.3
118 verbose cwd /Users/achelikani/ClarifaiColorBot
119 error Darwin 14.5.0
120 error argv "node" "/usr/local/bin/npm" "install" "node-curl" "--save"
121 error node v0.12.4
122 error npm  v2.10.1
123 error file sh
124 error code ELIFECYCLE
125 error errno ENOENT
126 error syscall spawn
127 error node-curl@0.3.3 install: `sh src/generate_curl_options_list.sh && (node-gyp rebuild || node-waf configure build)`
127 error spawn ENOENT
128 error Failed at the node-curl@0.3.3 install script 'sh src/generate_curl_options_list.sh && (node-gyp rebuild || node-waf configure build)'.
128 error This is most likely a problem with the node-curl package,
128 error not with npm itself.
128 error Tell the author that this fails on your system:
128 error     sh src/generate_curl_options_list.sh && (node-gyp rebuild || node-waf configure build)
128 error You can get their info via:
128 error     npm owner ls node-curl
128 error There is likely additional logging output above.
129 verbose exit [ 1, true ]
130 verbose unbuild node_modules/node-curl
131 info preuninstall node-curl@0.3.3
132 info uninstall node-curl@0.3.3
133 verbose unbuild rmStuff node-curl@0.3.3 from /Users/achelikani/ClarifaiColorBot/node_modules
134 info postuninstall node-curl@0.3.3
135 silly gentlyRm /Users/achelikani/ClarifaiColorBot/node_modules/node-curl is being purged from base /Users/achelikani/ClarifaiColorBot
136 verbose gentlyRm don't care about contents; nuking /Users/achelikani/ClarifaiColorBot/node_modules/node-curl
137 silly vacuum-fs purging /Users/achelikani/ClarifaiColorBot/node_modules/node-curl
138 silly vacuum-fs quitting because other entries in /Users/achelikani/ClarifaiColorBot/node_modules
